# JRE version: Java(TM) SE Runtime Environment (8.0_221-b11) (build 1.8.0_221-b11)
# Java VM: Java HotSpot(TM) 64-Bit Server VM (25.221-b11 mixed mode windows-amd64 compressed oops)
Heap:
 PSYoungGen      total 71680K, used 1290K [0x00000000d5d80000, 0x00000000da880000, 0x0000000100000000)
  eden space 66560K, 1% used [0x00000000d5d80000,0x00000000d5ec2b28,0x00000000d9e80000)
  from space 5120K, 0% used [0x00000000da380000,0x00000000da380000,0x00000000da880000)
  to   space 5120K, 0% used [0x00000000d9e80000,0x00000000d9e80000,0x00000000da380000)
 ParOldGen       total 50176K, used 25627K [0x0000000081800000, 0x0000000084900000, 0x00000000d5d80000)
  object space 50176K, 51% used [0x0000000081800000,0x0000000083106e60,0x0000000084900000)
 Metaspace       used 55059K, capacity 58248K, committed 58880K, reserved 1105920K
  class space    used 7774K, capacity 8335K, committed 8448K, reserved 1048576K
GC Heap History (10 events):
Event: 11.316 GC heap before
{Heap before GC invocations=20 (full 4):
 PSYoungGen      total 71680K, used 32K [0x00000000d5d80000, 0x00000000da880000, 0x0000000100000000)
  eden space 66560K, 0% used [0x00000000d5d80000,0x00000000d5d80000,0x00000000d9e80000)
  from space 5120K, 0% used [0x00000000da380000,0x00000000da388000,0x00000000da880000)
  to   space 5120K, 0% used [0x00000000d9e80000,0x00000000d9e80000,0x00000000da380000)
 ParOldGen       total 50176K, used 28237K [0x0000000081800000, 0x0000000084900000, 0x00000000d5d80000)
  object space 50176K, 56% used [0x0000000081800000,0x0000000083393708,0x0000000084900000)
 Metaspace       used 54309K, capacity 57538K, committed 57728K, reserved 1105920K
  class space    used 7617K, capacity 8218K, committed 8320K, reserved 1048576K
Event: 11.392 GC heap after
Heap after GC invocations=20 (full 4):
 PSYoungGen      total 71680K, used 0K [0x00000000d5d80000, 0x00000000da880000, 0x0000000100000000)
  eden space 66560K, 0% used [0x00000000d5d80000,0x00000000d5d80000,0x00000000d9e80000)
  from space 5120K, 0% used [0x00000000da380000,0x00000000da380000,0x00000000da880000)
  to   space 5120K, 0% used [0x00000000d9e80000,0x00000000d9e80000,0x00000000da380000)
 ParOldGen       total 50176K, used 28191K [0x0000000081800000, 0x0000000084900000, 0x00000000d5d80000)
  object space 50176K, 56% used [0x0000000081800000,0x0000000083387ee8,0x0000000084900000)
 Metaspace       used 54309K, capacity 57538K, committed 57728K, reserved 1101824K
  class space    used 7617K, capacity 8218K, committed 8320K, reserved 1048576K
}
Event: 11.393 GC heap before
{Heap before GC invocations=21 (full 4):
 PSYoungGen      total 71680K, used 0K [0x00000000d5d80000, 0x00000000da880000, 0x0000000100000000)
  eden space 66560K, 0% used [0x00000000d5d80000,0x00000000d5d80000,0x00000000d9e80000)
  from space 5120K, 0% used [0x00000000da380000,0x00000000da380000,0x00000000da880000)
  to   space 5120K, 0% used [0x00000000d9e80000,0x00000000d9e80000,0x00000000da380000)
 ParOldGen       total 50176K, used 28191K [0x0000000081800000, 0x0000000084900000, 0x00000000d5d80000)
  object space 50176K, 56% used [0x0000000081800000,0x0000000083387ee8,0x0000000084900000)
 Metaspace       used 54309K, capacity 57538K, committed 57728K, reserved 1105920K
  class space    used 7617K, capacity 8218K, committed 8320K, reserved 1048576K
Event: 11.395 GC heap after
Heap after GC invocations=21 (full 4):
 PSYoungGen      total 71680K, used 0K [0x00000000d5d80000, 0x00000000da880000, 0x0000000100000000)
  eden space 66560K, 0% used [0x00000000d5d80000,0x00000000d5d80000,0x00000000d9e80000)
  from space 5120K, 0% used [0x00000000d9e80000,0x00000000d9e80000,0x00000000da380000)
  to   space 5120K, 0% used [0x00000000da380000,0x00000000da380000,0x00000000da880000)
 ParOldGen       total 50176K, used 28191K [0x0000000081800000, 0x0000000084900000, 0x00000000d5d80000)
  object space 50176K, 56% used [0x0000000081800000,0x0000000083387ee8,0x0000000084900000)
 Metaspace       used 54309K, capacity 57538K, committed 57728K, reserved 1105920K
  class space    used 7617K, capacity 8218K, committed 8320K, reserved 1048576K
}
Event: 11.395 GC heap before
{Heap before GC invocations=22 (full 5):
 PSYoungGen      total 71680K, used 0K [0x00000000d5d80000, 0x00000000da880000, 0x0000000100000000)
  eden space 66560K, 0% used [0x00000000d5d80000,0x00000000d5d80000,0x00000000d9e80000)
  from space 5120K, 0% used [0x00000000d9e80000,0x00000000d9e80000,0x00000000da380000)
  to   space 5120K, 0% used [0x00000000da380000,0x00000000da380000,0x00000000da880000)
 ParOldGen       total 50176K, used 28191K [0x0000000081800000, 0x0000000084900000, 0x00000000d5d80000)
  object space 50176K, 56% used [0x0000000081800000,0x0000000083387ee8,0x0000000084900000)
 Metaspace       used 54309K, capacity 57538K, committed 57728K, reserved 1105920K
  class space    used 7617K, capacity 8218K, committed 8320K, reserved 1048576K
Event: 11.605 GC heap after
Heap after GC invocations=22 (full 5):
 PSYoungGen      total 71680K, used 0K [0x00000000d5d80000, 0x00000000da880000, 0x0000000100000000)
  eden space 66560K, 0% used [0x00000000d5d80000,0x00000000d5d80000,0x00000000d9e80000)
  from space 5120K, 0% used [0x00000000d9e80000,0x00000000d9e80000,0x00000000da380000)
  to   space 5120K, 0% used [0x00000000da380000,0x00000000da380000,0x00000000da880000)
 ParOldGen       total 50176K, used 23565K [0x0000000081800000, 0x0000000084900000, 0x00000000d5d80000)
  object space 50176K, 46% used [0x0000000081800000,0x0000000082f037c0,0x0000000084900000)
 Metaspace       used 54004K, capacity 57044K, committed 57728K, reserved 1101824K
  class space    used 7567K, capacity 8127K, committed 8320K, reserved 1048576K
}
Event: 11.945 GC heap before
{Heap before GC invocations=23 (full 5):
 PSYoungGen      total 71680K, used 24747K [0x00000000d5d80000, 0x00000000da880000, 0x0000000100000000)
  eden space 66560K, 37% used [0x00000000d5d80000,0x00000000d75aac40,0x00000000d9e80000)
  from space 5120K, 0% used [0x00000000d9e80000,0x00000000d9e80000,0x00000000da380000)
  to   space 5120K, 0% used [0x00000000da380000,0x00000000da380000,0x00000000da880000)
 ParOldGen       total 50176K, used 23565K [0x0000000081800000, 0x0000000084900000, 0x00000000d5d80000)
  object space 50176K, 46% used [0x0000000081800000,0x0000000082f037c0,0x0000000084900000)
 Metaspace       used 55032K, capacity 58174K, committed 58624K, reserved 1107968K
  class space    used 7771K, capacity 8332K, committed 8448K, reserved 1048576K
Event: 11.951 GC heap after
Heap after GC invocations=23 (full 5):
 PSYoungGen      total 71680K, used 2743K [0x00000000d5d80000, 0x00000000da880000, 0x0000000100000000)
  eden space 66560K, 0% used [0x00000000d5d80000,0x00000000d5d80000,0x00000000d9e80000)
  from space 5120K, 53% used [0x00000000da380000,0x00000000da62dec8,0x00000000da880000)
  to   space 5120K, 0% used [0x00000000d9e80000,0x00000000d9e80000,0x00000000da380000)
 ParOldGen       total 50176K, used 23573K [0x0000000081800000, 0x0000000084900000, 0x00000000d5d80000)
  object space 50176K, 46% used [0x0000000081800000,0x0000000082f057c0,0x0000000084900000)
 Metaspace       used 55032K, capacity 58174K, committed 58624K, reserved 1107968K
  class space    used 7771K, capacity 8332K, committed 8448K, reserved 1048576K
}
Event: 11.951 GC heap before
{Heap before GC invocations=24 (full 6):
 PSYoungGen      total 71680K, used 2743K [0x00000000d5d80000, 0x00000000da880000, 0x0000000100000000)
  eden space 66560K, 0% used [0x00000000d5d80000,0x00000000d5d80000,0x00000000d9e80000)
  from space 5120K, 53% used [0x00000000da380000,0x00000000da62dec8,0x00000000da880000)
  to   space 5120K, 0% used [0x00000000d9e80000,0x00000000d9e80000,0x00000000da380000)
 ParOldGen       total 50176K, used 23573K [0x0000000081800000, 0x0000000084900000, 0x00000000d5d80000)
  object space 50176K, 46% used [0x0000000081800000,0x0000000082f057c0,0x0000000084900000)
 Metaspace       used 55032K, capacity 58174K, committed 58624K, reserved 1107968K
  class space    used 7771K, capacity 8332K, committed 8448K, reserved 1048576K
Event: 12.192 GC heap after
Heap after GC invocations=24 (full 6):
 PSYoungGen      total 71680K, used 0K [0x00000000d5d80000, 0x00000000da880000, 0x0000000100000000)
  eden space 66560K, 0% used [0x00000000d5d80000,0x00000000d5d80000,0x00000000d9e80000)
  from space 5120K, 0% used [0x00000000da380000,0x00000000da380000,0x00000000da880000)
  to   space 5120K, 0% used [0x00000000d9e80000,0x00000000d9e80000,0x00000000da380000)
 ParOldGen       total 50176K, used 25627K [0x0000000081800000, 0x0000000084900000, 0x00000000d5d80000)
  object space 50176K, 51% used [0x0000000081800000,0x0000000083106e60,0x0000000084900000)
 Metaspace       used 55032K, capacity 58174K, committed 58624K, reserved 1105920K
  class space    used 7771K, capacity 8332K, committed 8448K, reserved 1048576K
}

