# JRE version: Java(TM) SE Runtime Environment (8.0_221-b11) (build 1.8.0_221-b11)
# Java VM: Java HotSpot(TM) 64-Bit Server VM (25.221-b11 mixed mode windows-amd64 compressed oops)
Heap:
 PSYoungGen      total 356864K, used 113880K [0x00000000d5d80000, 0x00000000ed200000, 0x0000000100000000)
  eden space 333312K, 34% used [0x00000000d5d80000,0x00000000dccb6060,0x00000000ea300000)
  from space 23552K, 0% used [0x00000000ea400000,0x00000000ea400000,0x00000000ebb00000)
  to   space 16384K, 0% used [0x00000000ec200000,0x00000000ec200000,0x00000000ed200000)
 ParOldGen       total 72704K, used 26287K [0x0000000081800000, 0x0000000085f00000, 0x00000000d5d80000)
  object space 72704K, 36% used [0x0000000081800000,0x00000000831abfb0,0x0000000085f00000)
 Metaspace       used 60292K, capacity 63798K, committed 63872K, reserved 1103872K
  class space    used 8678K, capacity 9283K, committed 9344K, reserved 1048576K
GC Heap History (10 events):
Event: 8.101 GC heap before
{Heap before GC invocations=10 (full 1):
 PSYoungGen      total 248832K, used 88017K [0x00000000d5d80000, 0x00000000e6400000, 0x0000000100000000)
  eden space 236032K, 31% used [0x00000000d5d80000,0x00000000da6f8248,0x00000000e4400000)
  from space 12800K, 99% used [0x00000000e5580000,0x00000000e61fc2e0,0x00000000e6200000)
  to   space 16384K, 0% used [0x00000000e4400000,0x00000000e4400000,0x00000000e5400000)
 ParOldGen       total 51712K, used 10681K [0x0000000081800000, 0x0000000084a80000, 0x00000000d5d80000)
  object space 51712K, 20% used [0x0000000081800000,0x000000008226e5a0,0x0000000084a80000)
 Metaspace       used 33443K, capacity 35412K, committed 35496K, reserved 1079296K
  class space    used 4706K, capacity 5085K, committed 5120K, reserved 1048576K
Event: 8.140 GC heap after
Heap after GC invocations=10 (full 1):
 PSYoungGen      total 252416K, used 11317K [0x00000000d5d80000, 0x00000000ed200000, 0x0000000100000000)
  eden space 236032K, 0% used [0x00000000d5d80000,0x00000000d5d80000,0x00000000e4400000)
  from space 16384K, 69% used [0x00000000e4400000,0x00000000e4f0d568,0x00000000e5400000)
  to   space 16384K, 0% used [0x00000000ec200000,0x00000000ec200000,0x00000000ed200000)
 ParOldGen       total 51712K, used 10689K [0x0000000081800000, 0x0000000084a80000, 0x00000000d5d80000)
  object space 51712K, 20% used [0x0000000081800000,0x00000000822705a0,0x0000000084a80000)
 Metaspace       used 33443K, capacity 35412K, committed 35496K, reserved 1079296K
  class space    used 4706K, capacity 5085K, committed 5120K, reserved 1048576K
}
Event: 8.140 GC heap before
{Heap before GC invocations=11 (full 2):
 PSYoungGen      total 252416K, used 11317K [0x00000000d5d80000, 0x00000000ed200000, 0x0000000100000000)
  eden space 236032K, 0% used [0x00000000d5d80000,0x00000000d5d80000,0x00000000e4400000)
  from space 16384K, 69% used [0x00000000e4400000,0x00000000e4f0d568,0x00000000e5400000)
  to   space 16384K, 0% used [0x00000000ec200000,0x00000000ec200000,0x00000000ed200000)
 ParOldGen       total 51712K, used 10689K [0x0000000081800000, 0x0000000084a80000, 0x00000000d5d80000)
  object space 51712K, 20% used [0x0000000081800000,0x00000000822705a0,0x0000000084a80000)
 Metaspace       used 33443K, capacity 35412K, committed 35496K, reserved 1079296K
  class space    used 4706K, capacity 5085K, committed 5120K, reserved 1048576K
Event: 8.234 GC heap after
Heap after GC invocations=11 (full 2):
 PSYoungGen      total 252416K, used 0K [0x00000000d5d80000, 0x00000000ed200000, 0x0000000100000000)
  eden space 236032K, 0% used [0x00000000d5d80000,0x00000000d5d80000,0x00000000e4400000)
  from space 16384K, 0% used [0x00000000e4400000,0x00000000e4400000,0x00000000e5400000)
  to   space 16384K, 0% used [0x00000000ec200000,0x00000000ec200000,0x00000000ed200000)
 ParOldGen       total 72704K, used 17136K [0x0000000081800000, 0x0000000085f00000, 0x00000000d5d80000)
  object space 72704K, 23% used [0x0000000081800000,0x00000000828bc150,0x0000000085f00000)
 Metaspace       used 33443K, capacity 35412K, committed 35496K, reserved 1079296K
  class space    used 4706K, capacity 5085K, committed 5120K, reserved 1048576K
}
Event: 14.831 GC heap before
{Heap before GC invocations=12 (full 2):
 PSYoungGen      total 252416K, used 236032K [0x00000000d5d80000, 0x00000000ed200000, 0x0000000100000000)
  eden space 236032K, 100% used [0x00000000d5d80000,0x00000000e4400000,0x00000000e4400000)
  from space 16384K, 0% used [0x00000000e4400000,0x00000000e4400000,0x00000000e5400000)
  to   space 16384K, 0% used [0x00000000ec200000,0x00000000ec200000,0x00000000ed200000)
 ParOldGen       total 72704K, used 17136K [0x0000000081800000, 0x0000000085f00000, 0x00000000d5d80000)
  object space 72704K, 23% used [0x0000000081800000,0x00000000828bc150,0x0000000085f00000)
 Metaspace       used 55712K, capacity 58674K, committed 58752K, reserved 1099776K
  class space    used 8025K, capacity 8549K, committed 8576K, reserved 1048576K
Event: 14.878 GC heap after
Heap after GC invocations=12 (full 2):
 PSYoungGen      total 349696K, used 16364K [0x00000000d5d80000, 0x00000000ed200000, 0x0000000100000000)
  eden space 333312K, 0% used [0x00000000d5d80000,0x00000000d5d80000,0x00000000ea300000)
  from space 16384K, 99% used [0x00000000ec200000,0x00000000ed1fb288,0x00000000ed200000)
  to   space 23552K, 0% used [0x00000000ea400000,0x00000000ea400000,0x00000000ebb00000)
 ParOldGen       total 72704K, used 30862K [0x0000000081800000, 0x0000000085f00000, 0x00000000d5d80000)
  object space 72704K, 42% used [0x0000000081800000,0x0000000083623860,0x0000000085f00000)
 Metaspace       used 55712K, capacity 58674K, committed 58752K, reserved 1099776K
  class space    used 8025K, capacity 8549K, committed 8576K, reserved 1048576K
}
Event: 15.082 GC heap before
{Heap before GC invocations=13 (full 2):
 PSYoungGen      total 349696K, used 33003K [0x00000000d5d80000, 0x00000000ed200000, 0x0000000100000000)
  eden space 333312K, 4% used [0x00000000d5d80000,0x00000000d6dbfbc8,0x00000000ea300000)
  from space 16384K, 99% used [0x00000000ec200000,0x00000000ed1fb288,0x00000000ed200000)
  to   space 23552K, 0% used [0x00000000ea400000,0x00000000ea400000,0x00000000ebb00000)
 ParOldGen       total 72704K, used 30862K [0x0000000081800000, 0x0000000085f00000, 0x00000000d5d80000)
  object space 72704K, 42% used [0x0000000081800000,0x0000000083623860,0x0000000085f00000)
 Metaspace       used 56006K, capacity 59064K, committed 59160K, reserved 1099776K
  class space    used 8064K, capacity 8610K, committed 8704K, reserved 1048576K
Event: 15.104 GC heap after
Heap after GC invocations=13 (full 2):
 PSYoungGen      total 356864K, used 640K [0x00000000d5d80000, 0x00000000ed200000, 0x0000000100000000)
  eden space 333312K, 0% used [0x00000000d5d80000,0x00000000d5d80000,0x00000000ea300000)
  from space 23552K, 2% used [0x00000000ea400000,0x00000000ea4a0000,0x00000000ebb00000)
  to   space 16384K, 0% used [0x00000000ec200000,0x00000000ec200000,0x00000000ed200000)
 ParOldGen       total 72704K, used 41108K [0x0000000081800000, 0x0000000085f00000, 0x00000000d5d80000)
  object space 72704K, 56% used [0x0000000081800000,0x0000000084025390,0x0000000085f00000)
 Metaspace       used 56006K, capacity 59064K, committed 59160K, reserved 1099776K
  class space    used 8064K, capacity 8610K, committed 8704K, reserved 1048576K
}
Event: 15.104 GC heap before
{Heap before GC invocations=14 (full 3):
 PSYoungGen      total 356864K, used 640K [0x00000000d5d80000, 0x00000000ed200000, 0x0000000100000000)
  eden space 333312K, 0% used [0x00000000d5d80000,0x00000000d5d80000,0x00000000ea300000)
  from space 23552K, 2% used [0x00000000ea400000,0x00000000ea4a0000,0x00000000ebb00000)
  to   space 16384K, 0% used [0x00000000ec200000,0x00000000ec200000,0x00000000ed200000)
 ParOldGen       total 72704K, used 41108K [0x0000000081800000, 0x0000000085f00000, 0x00000000d5d80000)
  object space 72704K, 56% used [0x0000000081800000,0x0000000084025390,0x0000000085f00000)
 Metaspace       used 56006K, capacity 59064K, committed 59160K, reserved 1099776K
  class space    used 8064K, capacity 8610K, committed 8704K, reserved 1048576K
Event: 15.319 GC heap after
Heap after GC invocations=14 (full 3):
 PSYoungGen      total 356864K, used 0K [0x00000000d5d80000, 0x00000000ed200000, 0x0000000100000000)
  eden space 333312K, 0% used [0x00000000d5d80000,0x00000000d5d80000,0x00000000ea300000)
  from space 23552K, 0% used [0x00000000ea400000,0x00000000ea400000,0x00000000ebb00000)
  to   space 16384K, 0% used [0x00000000ec200000,0x00000000ec200000,0x00000000ed200000)
 ParOldGen       total 72704K, used 26287K [0x0000000081800000, 0x0000000085f00000, 0x00000000d5d80000)
  object space 72704K, 36% used [0x0000000081800000,0x00000000831abfb0,0x0000000085f00000)
 Metaspace       used 55994K, capacity 59046K, committed 59160K, reserved 1099776K
  class space    used 8062K, capacity 8607K, committed 8704K, reserved 1048576K
}

