# JRE version: Java(TM) SE Runtime Environment (8.0_221-b11) (build 1.8.0_221-b11)
# Java VM: Java HotSpot(TM) 64-Bit Server VM (25.221-b11 mixed mode windows-amd64 compressed oops)
Heap:
 PSYoungGen      total 143360K, used 62639K [0x00000000d5d80000, 0x00000000df380000, 0x0000000100000000)
  eden space 133120K, 47% used [0x00000000d5d80000,0x00000000d9aabe80,0x00000000ddf80000)
  from space 10240K, 0% used [0x00000000ddf80000,0x00000000ddf80000,0x00000000de980000)
  to   space 9216K, 0% used [0x00000000dea80000,0x00000000dea80000,0x00000000df380000)
 ParOldGen       total 77824K, used 21671K [0x0000000081800000, 0x0000000086400000, 0x00000000d5d80000)
  object space 77824K, 27% used [0x0000000081800000,0x0000000082d29ca8,0x0000000086400000)
 Metaspace       used 41208K, capacity 43546K, committed 43648K, reserved 1087488K
  class space    used 5766K, capacity 6230K, committed 6272K, reserved 1048576K
GC Heap History (10 events):
Event: 5.134 GC heap before
{Heap before GC invocations=7 (full 1):
 PSYoungGen      total 142336K, used 6305K [0x00000000d5d80000, 0x00000000df380000, 0x0000000100000000)
  eden space 133120K, 0% used [0x00000000d5d80000,0x00000000d5d80000,0x00000000ddf80000)
  from space 9216K, 68% used [0x00000000dea80000,0x00000000df0a87c0,0x00000000df380000)
  to   space 10240K, 0% used [0x00000000ddf80000,0x00000000ddf80000,0x00000000de980000)
 ParOldGen       total 87552K, used 8830K [0x0000000081800000, 0x0000000086d80000, 0x00000000d5d80000)
  object space 87552K, 10% used [0x0000000081800000,0x000000008209fbd8,0x0000000086d80000)
 Metaspace       used 20312K, capacity 21182K, committed 21248K, reserved 1067008K
  class space    used 2824K, capacity 3035K, committed 3072K, reserved 1048576K
Event: 5.193 GC heap after
Heap after GC invocations=7 (full 1):
 PSYoungGen      total 142336K, used 0K [0x00000000d5d80000, 0x00000000df380000, 0x0000000100000000)
  eden space 133120K, 0% used [0x00000000d5d80000,0x00000000d5d80000,0x00000000ddf80000)
  from space 9216K, 0% used [0x00000000dea80000,0x00000000dea80000,0x00000000df380000)
  to   space 10240K, 0% used [0x00000000ddf80000,0x00000000ddf80000,0x00000000de980000)
 ParOldGen       total 49664K, used 6944K [0x0000000081800000, 0x0000000084880000, 0x00000000d5d80000)
  object space 49664K, 13% used [0x0000000081800000,0x0000000081ec8280,0x0000000084880000)
 Metaspace       used 20312K, capacity 21182K, committed 21248K, reserved 1067008K
  class space    used 2824K, capacity 3035K, committed 3072K, reserved 1048576K
}
Event: 7.160 GC heap before
{Heap before GC invocations=8 (full 1):
 PSYoungGen      total 142336K, used 133120K [0x00000000d5d80000, 0x00000000df380000, 0x0000000100000000)
  eden space 133120K, 100% used [0x00000000d5d80000,0x00000000ddf80000,0x00000000ddf80000)
  from space 9216K, 0% used [0x00000000dea80000,0x00000000dea80000,0x00000000df380000)
  to   space 10240K, 0% used [0x00000000ddf80000,0x00000000ddf80000,0x00000000de980000)
 ParOldGen       total 49664K, used 6944K [0x0000000081800000, 0x0000000084880000, 0x00000000d5d80000)
  object space 49664K, 13% used [0x0000000081800000,0x0000000081ec8280,0x0000000084880000)
 Metaspace       used 25229K, capacity 26702K, committed 27008K, reserved 1073152K
  class space    used 3555K, capacity 3874K, committed 3968K, reserved 1048576K
Event: 7.171 GC heap after
Heap after GC invocations=8 (full 1):
 PSYoungGen      total 143360K, used 9645K [0x00000000d5d80000, 0x00000000df380000, 0x0000000100000000)
  eden space 133120K, 0% used [0x00000000d5d80000,0x00000000d5d80000,0x00000000ddf80000)
  from space 10240K, 94% used [0x00000000ddf80000,0x00000000de8eb598,0x00000000de980000)
  to   space 9216K, 0% used [0x00000000dea80000,0x00000000dea80000,0x00000000df380000)
 ParOldGen       total 49664K, used 6952K [0x0000000081800000, 0x0000000084880000, 0x00000000d5d80000)
  object space 49664K, 13% used [0x0000000081800000,0x0000000081eca280,0x0000000084880000)
 Metaspace       used 25229K, capacity 26702K, committed 27008K, reserved 1073152K
  class space    used 3555K, capacity 3874K, committed 3968K, reserved 1048576K
}
Event: 8.606 GC heap before
{Heap before GC invocations=9 (full 1):
 PSYoungGen      total 143360K, used 142765K [0x00000000d5d80000, 0x00000000df380000, 0x0000000100000000)
  eden space 133120K, 100% used [0x00000000d5d80000,0x00000000ddf80000,0x00000000ddf80000)
  from space 10240K, 94% used [0x00000000ddf80000,0x00000000de8eb598,0x00000000de980000)
  to   space 9216K, 0% used [0x00000000dea80000,0x00000000dea80000,0x00000000df380000)
 ParOldGen       total 49664K, used 6952K [0x0000000081800000, 0x0000000084880000, 0x00000000d5d80000)
  object space 49664K, 13% used [0x0000000081800000,0x0000000081eca280,0x0000000084880000)
 Metaspace       used 30688K, capacity 32728K, committed 32896K, reserved 1077248K
  class space    used 4297K, capacity 4699K, committed 4736K, reserved 1048576K
Event: 8.628 GC heap after
Heap after GC invocations=9 (full 1):
 PSYoungGen      total 142336K, used 9188K [0x00000000d5d80000, 0x00000000df380000, 0x0000000100000000)
  eden space 133120K, 0% used [0x00000000d5d80000,0x00000000d5d80000,0x00000000ddf80000)
  from space 9216K, 99% used [0x00000000dea80000,0x00000000df3792d0,0x00000000df380000)
  to   space 10240K, 0% used [0x00000000ddf80000,0x00000000ddf80000,0x00000000de980000)
 ParOldGen       total 49664K, used 12090K [0x0000000081800000, 0x0000000084880000, 0x00000000d5d80000)
  object space 49664K, 24% used [0x0000000081800000,0x00000000823ce8d8,0x0000000084880000)
 Metaspace       used 30688K, capacity 32728K, committed 32896K, reserved 1077248K
  class space    used 4297K, capacity 4699K, committed 4736K, reserved 1048576K
}
Event: 9.568 GC heap before
{Heap before GC invocations=10 (full 1):
 PSYoungGen      total 142336K, used 107597K [0x00000000d5d80000, 0x00000000df380000, 0x0000000100000000)
  eden space 133120K, 73% used [0x00000000d5d80000,0x00000000dbd9a498,0x00000000ddf80000)
  from space 9216K, 99% used [0x00000000dea80000,0x00000000df3792d0,0x00000000df380000)
  to   space 10240K, 0% used [0x00000000ddf80000,0x00000000ddf80000,0x00000000de980000)
 ParOldGen       total 49664K, used 12090K [0x0000000081800000, 0x0000000084880000, 0x00000000d5d80000)
  object space 49664K, 24% used [0x0000000081800000,0x00000000823ce8d8,0x0000000084880000)
 Metaspace       used 33218K, capacity 35352K, committed 35416K, reserved 1079296K
  class space    used 4643K, capacity 5075K, committed 5120K, reserved 1048576K
Event: 9.587 GC heap after
Heap after GC invocations=10 (full 1):
 PSYoungGen      total 143360K, used 10216K [0x00000000d5d80000, 0x00000000df380000, 0x0000000100000000)
  eden space 133120K, 0% used [0x00000000d5d80000,0x00000000d5d80000,0x00000000ddf80000)
  from space 10240K, 99% used [0x00000000ddf80000,0x00000000de97a110,0x00000000de980000)
  to   space 9216K, 0% used [0x00000000dea80000,0x00000000dea80000,0x00000000df380000)
 ParOldGen       total 49664K, used 16924K [0x0000000081800000, 0x0000000084880000, 0x00000000d5d80000)
  object space 49664K, 34% used [0x0000000081800000,0x00000000828872a8,0x0000000084880000)
 Metaspace       used 33218K, capacity 35352K, committed 35416K, reserved 1079296K
  class space    used 4643K, capacity 5075K, committed 5120K, reserved 1048576K
}
Event: 9.587 GC heap before
{Heap before GC invocations=11 (full 2):
 PSYoungGen      total 143360K, used 10216K [0x00000000d5d80000, 0x00000000df380000, 0x0000000100000000)
  eden space 133120K, 0% used [0x00000000d5d80000,0x00000000d5d80000,0x00000000ddf80000)
  from space 10240K, 99% used [0x00000000ddf80000,0x00000000de97a110,0x00000000de980000)
  to   space 9216K, 0% used [0x00000000dea80000,0x00000000dea80000,0x00000000df380000)
 ParOldGen       total 49664K, used 16924K [0x0000000081800000, 0x0000000084880000, 0x00000000d5d80000)
  object space 49664K, 34% used [0x0000000081800000,0x00000000828872a8,0x0000000084880000)
 Metaspace       used 33218K, capacity 35352K, committed 35416K, reserved 1079296K
  class space    used 4643K, capacity 5075K, committed 5120K, reserved 1048576K
Event: 9.680 GC heap after
Heap after GC invocations=11 (full 2):
 PSYoungGen      total 143360K, used 0K [0x00000000d5d80000, 0x00000000df380000, 0x0000000100000000)
  eden space 133120K, 0% used [0x00000000d5d80000,0x00000000d5d80000,0x00000000ddf80000)
  from space 10240K, 0% used [0x00000000ddf80000,0x00000000ddf80000,0x00000000de980000)
  to   space 9216K, 0% used [0x00000000dea80000,0x00000000dea80000,0x00000000df380000)
 ParOldGen       total 77824K, used 21671K [0x0000000081800000, 0x0000000086400000, 0x00000000d5d80000)
  object space 77824K, 27% used [0x0000000081800000,0x0000000082d29ca8,0x0000000086400000)
 Metaspace       used 33218K, capacity 35352K, committed 35416K, reserved 1079296K
  class space    used 4643K, capacity 5075K, committed 5120K, reserved 1048576K
}

