# JRE version: Java(TM) SE Runtime Environment (8.0_221-b11) (build 1.8.0_221-b11)
# Java VM: Java HotSpot(TM) 64-Bit Server VM (25.221-b11 mixed mode windows-amd64 compressed oops)
Heap:
 PSYoungGen      total 341504K, used 45049K [0x00000000d5d80000, 0x00000000ecb80000, 0x0000000100000000)
  eden space 318464K, 14% used [0x00000000d5d80000,0x00000000d897e440,0x00000000e9480000)
  from space 23040K, 0% used [0x00000000e9e80000,0x00000000e9e80000,0x00000000eb500000)
  to   space 17920K, 0% used [0x00000000eba00000,0x00000000eba00000,0x00000000ecb80000)
 ParOldGen       total 110080K, used 30198K [0x0000000081800000, 0x0000000088380000, 0x00000000d5d80000)
  object space 110080K, 27% used [0x0000000081800000,0x000000008357db50,0x0000000088380000)
 Metaspace       used 57960K, capacity 61768K, committed 61952K, reserved 1101824K
  class space    used 8212K, capacity 8882K, committed 8960K, reserved 1048576K
GC Heap History (10 events):
Event: 20.748 GC heap before
{Heap before GC invocations=10 (full 1):
 PSYoungGen      total 249344K, used 72485K [0x00000000d5d80000, 0x00000000e6200000, 0x0000000100000000)
  eden space 236032K, 25% used [0x00000000d5d80000,0x00000000d97fcab0,0x00000000e4400000)
  from space 13312K, 94% used [0x00000000e5500000,0x00000000e614cb88,0x00000000e6200000)
  to   space 15360K, 0% used [0x00000000e4400000,0x00000000e4400000,0x00000000e5300000)
 ParOldGen       total 52224K, used 9876K [0x0000000081800000, 0x0000000084b00000, 0x00000000d5d80000)
  object space 52224K, 18% used [0x0000000081800000,0x00000000821a5370,0x0000000084b00000)
 Metaspace       used 33184K, capacity 35368K, committed 35416K, reserved 1079296K
  class space    used 4640K, capacity 5081K, committed 5120K, reserved 1048576K
Event: 20.777 GC heap after
Heap after GC invocations=10 (full 1):
 PSYoungGen      total 251392K, used 15353K [0x00000000d5d80000, 0x00000000ecb80000, 0x0000000100000000)
  eden space 236032K, 0% used [0x00000000d5d80000,0x00000000d5d80000,0x00000000e4400000)
  from space 15360K, 99% used [0x00000000e4400000,0x00000000e52fe528,0x00000000e5300000)
  to   space 17920K, 0% used [0x00000000eba00000,0x00000000eba00000,0x00000000ecb80000)
 ParOldGen       total 52224K, used 10499K [0x0000000081800000, 0x0000000084b00000, 0x00000000d5d80000)
  object space 52224K, 20% used [0x0000000081800000,0x0000000082240da8,0x0000000084b00000)
 Metaspace       used 33184K, capacity 35368K, committed 35416K, reserved 1079296K
  class space    used 4640K, capacity 5081K, committed 5120K, reserved 1048576K
}
Event: 20.777 GC heap before
{Heap before GC invocations=11 (full 2):
 PSYoungGen      total 251392K, used 15353K [0x00000000d5d80000, 0x00000000ecb80000, 0x0000000100000000)
  eden space 236032K, 0% used [0x00000000d5d80000,0x00000000d5d80000,0x00000000e4400000)
  from space 15360K, 99% used [0x00000000e4400000,0x00000000e52fe528,0x00000000e5300000)
  to   space 17920K, 0% used [0x00000000eba00000,0x00000000eba00000,0x00000000ecb80000)
 ParOldGen       total 52224K, used 10499K [0x0000000081800000, 0x0000000084b00000, 0x00000000d5d80000)
  object space 52224K, 20% used [0x0000000081800000,0x0000000082240da8,0x0000000084b00000)
 Metaspace       used 33184K, capacity 35368K, committed 35416K, reserved 1079296K
  class space    used 4640K, capacity 5081K, committed 5120K, reserved 1048576K
Event: 20.988 GC heap after
Heap after GC invocations=11 (full 2):
 PSYoungGen      total 251392K, used 0K [0x00000000d5d80000, 0x00000000ecb80000, 0x0000000100000000)
  eden space 236032K, 0% used [0x00000000d5d80000,0x00000000d5d80000,0x00000000e4400000)
  from space 15360K, 0% used [0x00000000e4400000,0x00000000e4400000,0x00000000e5300000)
  to   space 17920K, 0% used [0x00000000eba00000,0x00000000eba00000,0x00000000ecb80000)
 ParOldGen       total 80384K, used 21524K [0x0000000081800000, 0x0000000086680000, 0x00000000d5d80000)
  object space 80384K, 26% used [0x0000000081800000,0x0000000082d05368,0x0000000086680000)
 Metaspace       used 33184K, capacity 35368K, committed 35416K, reserved 1079296K
  class space    used 4640K, capacity 5081K, committed 5120K, reserved 1048576K
}
Event: 32.765 GC heap before
{Heap before GC invocations=12 (full 2):
 PSYoungGen      total 251392K, used 236032K [0x00000000d5d80000, 0x00000000ecb80000, 0x0000000100000000)
  eden space 236032K, 100% used [0x00000000d5d80000,0x00000000e4400000,0x00000000e4400000)
  from space 15360K, 0% used [0x00000000e4400000,0x00000000e4400000,0x00000000e5300000)
  to   space 17920K, 0% used [0x00000000eba00000,0x00000000eba00000,0x00000000ecb80000)
 ParOldGen       total 80384K, used 21524K [0x0000000081800000, 0x0000000086680000, 0x00000000d5d80000)
  object space 80384K, 26% used [0x0000000081800000,0x0000000082d05368,0x0000000086680000)
 Metaspace       used 53667K, capacity 56914K, committed 57088K, reserved 1097728K
  class space    used 7533K, capacity 8115K, committed 8192K, reserved 1048576K
Event: 32.803 GC heap after
Heap after GC invocations=12 (full 2):
 PSYoungGen      total 336384K, used 17908K [0x00000000d5d80000, 0x00000000ecb80000, 0x0000000100000000)
  eden space 318464K, 0% used [0x00000000d5d80000,0x00000000d5d80000,0x00000000e9480000)
  from space 17920K, 99% used [0x00000000eba00000,0x00000000ecb7d158,0x00000000ecb80000)
  to   space 23040K, 0% used [0x00000000e9e80000,0x00000000e9e80000,0x00000000eb500000)
 ParOldGen       total 80384K, used 29698K [0x0000000081800000, 0x0000000086680000, 0x00000000d5d80000)
  object space 80384K, 36% used [0x0000000081800000,0x0000000083500b80,0x0000000086680000)
 Metaspace       used 53667K, capacity 56914K, committed 57088K, reserved 1097728K
  class space    used 7533K, capacity 8115K, committed 8192K, reserved 1048576K
}
Event: 35.409 GC heap before
{Heap before GC invocations=13 (full 2):
 PSYoungGen      total 336384K, used 73350K [0x00000000d5d80000, 0x00000000ecb80000, 0x0000000100000000)
  eden space 318464K, 17% used [0x00000000d5d80000,0x00000000d93a4740,0x00000000e9480000)
  from space 17920K, 99% used [0x00000000eba00000,0x00000000ecb7d158,0x00000000ecb80000)
  to   space 23040K, 0% used [0x00000000e9e80000,0x00000000e9e80000,0x00000000eb500000)
 ParOldGen       total 80384K, used 29698K [0x0000000081800000, 0x0000000086680000, 0x00000000d5d80000)
  object space 80384K, 36% used [0x0000000081800000,0x0000000083500b80,0x0000000086680000)
 Metaspace       used 55587K, capacity 58974K, committed 59028K, reserved 1099776K
  class space    used 7831K, capacity 8433K, committed 8448K, reserved 1048576K
Event: 35.498 GC heap after
Heap after GC invocations=13 (full 2):
 PSYoungGen      total 341504K, used 3628K [0x00000000d5d80000, 0x00000000ecb80000, 0x0000000100000000)
  eden space 318464K, 0% used [0x00000000d5d80000,0x00000000d5d80000,0x00000000e9480000)
  from space 23040K, 15% used [0x00000000e9e80000,0x00000000ea20b358,0x00000000eb500000)
  to   space 17920K, 0% used [0x00000000eba00000,0x00000000eba00000,0x00000000ecb80000)
 ParOldGen       total 80384K, used 40214K [0x0000000081800000, 0x0000000086680000, 0x00000000d5d80000)
  object space 80384K, 50% used [0x0000000081800000,0x0000000083f45898,0x0000000086680000)
 Metaspace       used 55587K, capacity 58974K, committed 59028K, reserved 1099776K
  class space    used 7831K, capacity 8433K, committed 8448K, reserved 1048576K
}
Event: 35.498 GC heap before
{Heap before GC invocations=14 (full 3):
 PSYoungGen      total 341504K, used 3628K [0x00000000d5d80000, 0x00000000ecb80000, 0x0000000100000000)
  eden space 318464K, 0% used [0x00000000d5d80000,0x00000000d5d80000,0x00000000e9480000)
  from space 23040K, 15% used [0x00000000e9e80000,0x00000000ea20b358,0x00000000eb500000)
  to   space 17920K, 0% used [0x00000000eba00000,0x00000000eba00000,0x00000000ecb80000)
 ParOldGen       total 80384K, used 40214K [0x0000000081800000, 0x0000000086680000, 0x00000000d5d80000)
  object space 80384K, 50% used [0x0000000081800000,0x0000000083f45898,0x0000000086680000)
 Metaspace       used 55587K, capacity 58974K, committed 59028K, reserved 1099776K
  class space    used 7831K, capacity 8433K, committed 8448K, reserved 1048576K
Event: 36.090 GC heap after
Heap after GC invocations=14 (full 3):
 PSYoungGen      total 341504K, used 0K [0x00000000d5d80000, 0x00000000ecb80000, 0x0000000100000000)
  eden space 318464K, 0% used [0x00000000d5d80000,0x00000000d5d80000,0x00000000e9480000)
  from space 23040K, 0% used [0x00000000e9e80000,0x00000000e9e80000,0x00000000eb500000)
  to   space 17920K, 0% used [0x00000000eba00000,0x00000000eba00000,0x00000000ecb80000)
 ParOldGen       total 110080K, used 30198K [0x0000000081800000, 0x0000000088380000, 0x00000000d5d80000)
  object space 110080K, 27% used [0x0000000081800000,0x000000008357db50,0x0000000088380000)
 Metaspace       used 55538K, capacity 58896K, committed 59028K, reserved 1099776K
  class space    used 7824K, capacity 8420K, committed 8448K, reserved 1048576K
}

