# JRE version: Java(TM) SE Runtime Environment (8.0_221-b11) (build 1.8.0_221-b11)
# Java VM: Java HotSpot(TM) 64-Bit Server VM (25.221-b11 mixed mode windows-amd64 compressed oops)
Heap:
 PSYoungGen      total 142848K, used 44991K [0x00000000d5d80000, 0x00000000df380000, 0x0000000100000000)
  eden space 133120K, 33% used [0x00000000d5d80000,0x00000000d896fd10,0x00000000ddf80000)
  from space 9728K, 0% used [0x00000000dea00000,0x00000000dea00000,0x00000000df380000)
  to   space 10240K, 0% used [0x00000000ddf80000,0x00000000ddf80000,0x00000000de980000)
 ParOldGen       total 66048K, used 17915K [0x0000000081800000, 0x0000000085880000, 0x00000000d5d80000)
  object space 66048K, 27% used [0x0000000081800000,0x000000008297edc8,0x0000000085880000)
 Metaspace       used 38346K, capacity 40674K, committed 40792K, reserved 1085440K
  class space    used 5314K, capacity 5757K, committed 5760K, reserved 1048576K
GC Heap History (10 events):
Event: 8.084 GC heap before
{Heap before GC invocations=6 (full 0):
 PSYoungGen      total 71680K, used 24689K [0x00000000d5d80000, 0x00000000df480000, 0x0000000100000000)
  eden space 66560K, 29% used [0x00000000d5d80000,0x00000000d709cc38,0x00000000d9e80000)
  from space 5120K, 99% used [0x00000000d9e80000,0x00000000da37fac0,0x00000000da380000)
  to   space 10752K, 0% used [0x00000000dea00000,0x00000000dea00000,0x00000000df480000)
 ParOldGen       total 87552K, used 8080K [0x0000000081800000, 0x0000000086d80000, 0x00000000d5d80000)
  object space 87552K, 9% used [0x0000000081800000,0x0000000081fe4110,0x0000000086d80000)
 Metaspace       used 20065K, capacity 21096K, committed 21248K, reserved 1067008K
  class space    used 2716K, capacity 2951K, committed 3072K, reserved 1048576K
Event: 8.095 GC heap after
Heap after GC invocations=6 (full 0):
 PSYoungGen      total 142848K, used 6593K [0x00000000d5d80000, 0x00000000df380000, 0x0000000100000000)
  eden space 133120K, 0% used [0x00000000d5d80000,0x00000000d5d80000,0x00000000ddf80000)
  from space 9728K, 67% used [0x00000000dea00000,0x00000000df070550,0x00000000df380000)
  to   space 10240K, 0% used [0x00000000ddf80000,0x00000000ddf80000,0x00000000de980000)
 ParOldGen       total 87552K, used 8088K [0x0000000081800000, 0x0000000086d80000, 0x00000000d5d80000)
  object space 87552K, 9% used [0x0000000081800000,0x0000000081fe6110,0x0000000086d80000)
 Metaspace       used 20065K, capacity 21096K, committed 21248K, reserved 1067008K
  class space    used 2716K, capacity 2951K, committed 3072K, reserved 1048576K
}
Event: 8.095 GC heap before
{Heap before GC invocations=7 (full 1):
 PSYoungGen      total 142848K, used 6593K [0x00000000d5d80000, 0x00000000df380000, 0x0000000100000000)
  eden space 133120K, 0% used [0x00000000d5d80000,0x00000000d5d80000,0x00000000ddf80000)
  from space 9728K, 67% used [0x00000000dea00000,0x00000000df070550,0x00000000df380000)
  to   space 10240K, 0% used [0x00000000ddf80000,0x00000000ddf80000,0x00000000de980000)
 ParOldGen       total 87552K, used 8088K [0x0000000081800000, 0x0000000086d80000, 0x00000000d5d80000)
  object space 87552K, 9% used [0x0000000081800000,0x0000000081fe6110,0x0000000086d80000)
 Metaspace       used 20065K, capacity 21096K, committed 21248K, reserved 1067008K
  class space    used 2716K, capacity 2951K, committed 3072K, reserved 1048576K
Event: 8.173 GC heap after
Heap after GC invocations=7 (full 1):
 PSYoungGen      total 142848K, used 0K [0x00000000d5d80000, 0x00000000df380000, 0x0000000100000000)
  eden space 133120K, 0% used [0x00000000d5d80000,0x00000000d5d80000,0x00000000ddf80000)
  from space 9728K, 0% used [0x00000000dea00000,0x00000000dea00000,0x00000000df380000)
  to   space 10240K, 0% used [0x00000000ddf80000,0x00000000ddf80000,0x00000000de980000)
 ParOldGen       total 48640K, used 7148K [0x0000000081800000, 0x0000000084780000, 0x00000000d5d80000)
  object space 48640K, 14% used [0x0000000081800000,0x0000000081efb2e8,0x0000000084780000)
 Metaspace       used 20065K, capacity 21096K, committed 21248K, reserved 1067008K
  class space    used 2716K, capacity 2951K, committed 3072K, reserved 1048576K
}
Event: 11.572 GC heap before
{Heap before GC invocations=8 (full 1):
 PSYoungGen      total 142848K, used 133120K [0x00000000d5d80000, 0x00000000df380000, 0x0000000100000000)
  eden space 133120K, 100% used [0x00000000d5d80000,0x00000000ddf80000,0x00000000ddf80000)
  from space 9728K, 0% used [0x00000000dea00000,0x00000000dea00000,0x00000000df380000)
  to   space 10240K, 0% used [0x00000000ddf80000,0x00000000ddf80000,0x00000000de980000)
 ParOldGen       total 48640K, used 7148K [0x0000000081800000, 0x0000000084780000, 0x00000000d5d80000)
  object space 48640K, 14% used [0x0000000081800000,0x0000000081efb2e8,0x0000000084780000)
 Metaspace       used 27287K, capacity 29272K, committed 29568K, reserved 1075200K
  class space    used 3748K, capacity 4128K, committed 4224K, reserved 1048576K
Event: 11.619 GC heap after
Heap after GC invocations=8 (full 1):
 PSYoungGen      total 143360K, used 10233K [0x00000000d5d80000, 0x00000000df380000, 0x0000000100000000)
  eden space 133120K, 0% used [0x00000000d5d80000,0x00000000d5d80000,0x00000000ddf80000)
  from space 10240K, 99% used [0x00000000ddf80000,0x00000000de97e660,0x00000000de980000)
  to   space 9728K, 0% used [0x00000000dea00000,0x00000000dea00000,0x00000000df380000)
 ParOldGen       total 48640K, used 8259K [0x0000000081800000, 0x0000000084780000, 0x00000000d5d80000)
  object space 48640K, 16% used [0x0000000081800000,0x0000000082010dd0,0x0000000084780000)
 Metaspace       used 27287K, capacity 29272K, committed 29568K, reserved 1075200K
  class space    used 3748K, capacity 4128K, committed 4224K, reserved 1048576K
}
Event: 15.082 GC heap before
{Heap before GC invocations=9 (full 1):
 PSYoungGen      total 143360K, used 104417K [0x00000000d5d80000, 0x00000000df380000, 0x0000000100000000)
  eden space 133120K, 70% used [0x00000000d5d80000,0x00000000db97a0d0,0x00000000ddf80000)
  from space 10240K, 99% used [0x00000000ddf80000,0x00000000de97e660,0x00000000de980000)
  to   space 9728K, 0% used [0x00000000dea00000,0x00000000dea00000,0x00000000df380000)
 ParOldGen       total 48640K, used 8259K [0x0000000081800000, 0x0000000084780000, 0x00000000d5d80000)
  object space 48640K, 16% used [0x0000000081800000,0x0000000082010dd0,0x0000000084780000)
 Metaspace       used 33170K, capacity 35284K, committed 35416K, reserved 1079296K
  class space    used 4600K, capacity 4962K, committed 4992K, reserved 1048576K
Event: 15.099 GC heap after
Heap after GC invocations=9 (full 1):
 PSYoungGen      total 142848K, used 9717K [0x00000000d5d80000, 0x00000000df380000, 0x0000000100000000)
  eden space 133120K, 0% used [0x00000000d5d80000,0x00000000d5d80000,0x00000000ddf80000)
  from space 9728K, 99% used [0x00000000dea00000,0x00000000df37d600,0x00000000df380000)
  to   space 10240K, 0% used [0x00000000ddf80000,0x00000000ddf80000,0x00000000de980000)
 ParOldGen       total 48640K, used 10619K [0x0000000081800000, 0x0000000084780000, 0x00000000d5d80000)
  object space 48640K, 21% used [0x0000000081800000,0x000000008225ef38,0x0000000084780000)
 Metaspace       used 33170K, capacity 35284K, committed 35416K, reserved 1079296K
  class space    used 4600K, capacity 4962K, committed 4992K, reserved 1048576K
}
Event: 15.099 GC heap before
{Heap before GC invocations=10 (full 2):
 PSYoungGen      total 142848K, used 9717K [0x00000000d5d80000, 0x00000000df380000, 0x0000000100000000)
  eden space 133120K, 0% used [0x00000000d5d80000,0x00000000d5d80000,0x00000000ddf80000)
  from space 9728K, 99% used [0x00000000dea00000,0x00000000df37d600,0x00000000df380000)
  to   space 10240K, 0% used [0x00000000ddf80000,0x00000000ddf80000,0x00000000de980000)
 ParOldGen       total 48640K, used 10619K [0x0000000081800000, 0x0000000084780000, 0x00000000d5d80000)
  object space 48640K, 21% used [0x0000000081800000,0x000000008225ef38,0x0000000084780000)
 Metaspace       used 33170K, capacity 35284K, committed 35416K, reserved 1079296K
  class space    used 4600K, capacity 4962K, committed 4992K, reserved 1048576K
Event: 15.182 GC heap after
Heap after GC invocations=10 (full 2):
 PSYoungGen      total 142848K, used 0K [0x00000000d5d80000, 0x00000000df380000, 0x0000000100000000)
  eden space 133120K, 0% used [0x00000000d5d80000,0x00000000d5d80000,0x00000000ddf80000)
  from space 9728K, 0% used [0x00000000dea00000,0x00000000dea00000,0x00000000df380000)
  to   space 10240K, 0% used [0x00000000ddf80000,0x00000000ddf80000,0x00000000de980000)
 ParOldGen       total 66048K, used 17915K [0x0000000081800000, 0x0000000085880000, 0x00000000d5d80000)
  object space 66048K, 27% used [0x0000000081800000,0x000000008297edc8,0x0000000085880000)
 Metaspace       used 33170K, capacity 35284K, committed 35416K, reserved 1079296K
  class space    used 4600K, capacity 4962K, committed 4992K, reserved 1048576K
}

