# JRE version: Java(TM) SE Runtime Environment (8.0_221-b11) (build 1.8.0_221-b11)
# Java VM: Java HotSpot(TM) 64-Bit Server VM (25.221-b11 mixed mode windows-amd64 compressed oops)
Heap:
 PSYoungGen      total 455680K, used 86614K [0x00000000d5d80000, 0x00000000f4580000, 0x0000000100000000)
  eden space 440320K, 19% used [0x00000000d5d80000,0x00000000db2159a0,0x00000000f0b80000)
  from space 15360K, 0% used [0x00000000f2280000,0x00000000f2280000,0x00000000f3180000)
  to   space 23552K, 0% used [0x00000000f0b80000,0x00000000f0b80000,0x00000000f2280000)
 ParOldGen       total 107008K, used 41498K [0x0000000081800000, 0x0000000088080000, 0x00000000d5d80000)
  object space 107008K, 38% used [0x0000000081800000,0x0000000084086a80,0x0000000088080000)
 Metaspace       used 59209K, capacity 63010K, committed 63256K, reserved 1105920K
  class space    used 8311K, capacity 8977K, committed 9008K, reserved 1048576K
GC Heap History (10 events):
Event: 8.570 GC heap before
{Heap before GC invocations=7 (full 1):
 PSYoungGen      total 138240K, used 133094K [0x00000000d5d80000, 0x00000000e7680000, 0x0000000100000000)
  eden space 133120K, 99% used [0x00000000d5d80000,0x00000000ddf798e8,0x00000000ddf80000)
  from space 5120K, 0% used [0x00000000ddf80000,0x00000000ddf80000,0x00000000de480000)
  to   space 10752K, 0% used [0x00000000e6c00000,0x00000000e6c00000,0x00000000e7680000)
 ParOldGen       total 50688K, used 8274K [0x0000000081800000, 0x0000000084980000, 0x00000000d5d80000)
  object space 50688K, 16% used [0x0000000081800000,0x00000000820149f0,0x0000000084980000)
 Metaspace       used 29881K, capacity 31922K, committed 32048K, reserved 1077248K
  class space    used 4196K, capacity 4620K, committed 4656K, reserved 1048576K
Event: 8.611 GC heap after
Heap after GC invocations=7 (full 1):
 PSYoungGen      total 257536K, used 10731K [0x00000000d5d80000, 0x00000000e7680000, 0x0000000100000000)
  eden space 246784K, 0% used [0x00000000d5d80000,0x00000000d5d80000,0x00000000e4e80000)
  from space 10752K, 99% used [0x00000000e6c00000,0x00000000e767aec0,0x00000000e7680000)
  to   space 14848K, 0% used [0x00000000e5980000,0x00000000e5980000,0x00000000e6800000)
 ParOldGen       total 50688K, used 12213K [0x0000000081800000, 0x0000000084980000, 0x00000000d5d80000)
  object space 50688K, 24% used [0x0000000081800000,0x00000000823ed4f0,0x0000000084980000)
 Metaspace       used 29881K, capacity 31922K, committed 32048K, reserved 1077248K
  class space    used 4196K, capacity 4620K, committed 4656K, reserved 1048576K
}
Event: 10.509 GC heap before
{Heap before GC invocations=8 (full 1):
 PSYoungGen      total 257536K, used 132795K [0x00000000d5d80000, 0x00000000e7680000, 0x0000000100000000)
  eden space 246784K, 49% used [0x00000000d5d80000,0x00000000dd4b3e58,0x00000000e4e80000)
  from space 10752K, 99% used [0x00000000e6c00000,0x00000000e767aec0,0x00000000e7680000)
  to   space 14848K, 0% used [0x00000000e5980000,0x00000000e5980000,0x00000000e6800000)
 ParOldGen       total 50688K, used 12213K [0x0000000081800000, 0x0000000084980000, 0x00000000d5d80000)
  object space 50688K, 24% used [0x0000000081800000,0x00000000823ed4f0,0x0000000084980000)
 Metaspace       used 33306K, capacity 35428K, committed 35496K, reserved 1079296K
  class space    used 4606K, capacity 5031K, committed 5040K, reserved 1048576K
Event: 10.526 GC heap after
Heap after GC invocations=8 (full 1):
 PSYoungGen      total 272896K, used 10788K [0x00000000d5d80000, 0x00000000f3180000, 0x0000000100000000)
  eden space 258048K, 0% used [0x00000000d5d80000,0x00000000d5d80000,0x00000000e5980000)
  from space 14848K, 72% used [0x00000000e5980000,0x00000000e6409028,0x00000000e6800000)
  to   space 15360K, 0% used [0x00000000f2280000,0x00000000f2280000,0x00000000f3180000)
 ParOldGen       total 50688K, used 12285K [0x0000000081800000, 0x0000000084980000, 0x00000000d5d80000)
  object space 50688K, 24% used [0x0000000081800000,0x00000000823ff500,0x0000000084980000)
 Metaspace       used 33306K, capacity 35428K, committed 35496K, reserved 1079296K
  class space    used 4606K, capacity 5031K, committed 5040K, reserved 1048576K
}
Event: 10.526 GC heap before
{Heap before GC invocations=9 (full 2):
 PSYoungGen      total 272896K, used 10788K [0x00000000d5d80000, 0x00000000f3180000, 0x0000000100000000)
  eden space 258048K, 0% used [0x00000000d5d80000,0x00000000d5d80000,0x00000000e5980000)
  from space 14848K, 72% used [0x00000000e5980000,0x00000000e6409028,0x00000000e6800000)
  to   space 15360K, 0% used [0x00000000f2280000,0x00000000f2280000,0x00000000f3180000)
 ParOldGen       total 50688K, used 12285K [0x0000000081800000, 0x0000000084980000, 0x00000000d5d80000)
  object space 50688K, 24% used [0x0000000081800000,0x00000000823ff500,0x0000000084980000)
 Metaspace       used 33306K, capacity 35428K, committed 35496K, reserved 1079296K
  class space    used 4606K, capacity 5031K, committed 5040K, reserved 1048576K
Event: 10.645 GC heap after
Heap after GC invocations=9 (full 2):
 PSYoungGen      total 272896K, used 0K [0x00000000d5d80000, 0x00000000f3180000, 0x0000000100000000)
  eden space 258048K, 0% used [0x00000000d5d80000,0x00000000d5d80000,0x00000000e5980000)
  from space 14848K, 0% used [0x00000000e5980000,0x00000000e5980000,0x00000000e6800000)
  to   space 15360K, 0% used [0x00000000f2280000,0x00000000f2280000,0x00000000f3180000)
 ParOldGen       total 67072K, used 16475K [0x0000000081800000, 0x0000000085980000, 0x00000000d5d80000)
  object space 67072K, 24% used [0x0000000081800000,0x0000000082816cc8,0x0000000085980000)
 Metaspace       used 33306K, capacity 35428K, committed 35496K, reserved 1079296K
  class space    used 4606K, capacity 5031K, committed 5040K, reserved 1048576K
}
Event: 18.064 GC heap before
{Heap before GC invocations=10 (full 2):
 PSYoungGen      total 272896K, used 249147K [0x00000000d5d80000, 0x00000000f3180000, 0x0000000100000000)
  eden space 258048K, 96% used [0x00000000d5d80000,0x00000000e50ceff0,0x00000000e5980000)
  from space 14848K, 0% used [0x00000000e5980000,0x00000000e5980000,0x00000000e6800000)
  to   space 15360K, 0% used [0x00000000f2280000,0x00000000f2280000,0x00000000f3180000)
 ParOldGen       total 67072K, used 16475K [0x0000000081800000, 0x0000000085980000, 0x00000000d5d80000)
  object space 67072K, 24% used [0x0000000081800000,0x0000000082816cc8,0x0000000085980000)
 Metaspace       used 55527K, capacity 59054K, committed 59160K, reserved 1099776K
  class space    used 7805K, capacity 8421K, committed 8496K, reserved 1048576K
Event: 18.115 GC heap after
Heap after GC invocations=10 (full 2):
 PSYoungGen      total 455680K, used 15353K [0x00000000d5d80000, 0x00000000f4580000, 0x0000000100000000)
  eden space 440320K, 0% used [0x00000000d5d80000,0x00000000d5d80000,0x00000000f0b80000)
  from space 15360K, 99% used [0x00000000f2280000,0x00000000f317e400,0x00000000f3180000)
  to   space 23552K, 0% used [0x00000000f0b80000,0x00000000f0b80000,0x00000000f2280000)
 ParOldGen       total 67072K, used 30595K [0x0000000081800000, 0x0000000085980000, 0x00000000d5d80000)
  object space 67072K, 45% used [0x0000000081800000,0x00000000835e0d28,0x0000000085980000)
 Metaspace       used 55527K, capacity 59054K, committed 59160K, reserved 1099776K
  class space    used 7805K, capacity 8421K, committed 8496K, reserved 1048576K
}
Event: 18.115 GC heap before
{Heap before GC invocations=11 (full 3):
 PSYoungGen      total 455680K, used 15353K [0x00000000d5d80000, 0x00000000f4580000, 0x0000000100000000)
  eden space 440320K, 0% used [0x00000000d5d80000,0x00000000d5d80000,0x00000000f0b80000)
  from space 15360K, 99% used [0x00000000f2280000,0x00000000f317e400,0x00000000f3180000)
  to   space 23552K, 0% used [0x00000000f0b80000,0x00000000f0b80000,0x00000000f2280000)
 ParOldGen       total 67072K, used 30595K [0x0000000081800000, 0x0000000085980000, 0x00000000d5d80000)
  object space 67072K, 45% used [0x0000000081800000,0x00000000835e0d28,0x0000000085980000)
 Metaspace       used 55527K, capacity 59054K, committed 59160K, reserved 1099776K
  class space    used 7805K, capacity 8421K, committed 8496K, reserved 1048576K
Event: 18.520 GC heap after
Heap after GC invocations=11 (full 3):
 PSYoungGen      total 455680K, used 0K [0x00000000d5d80000, 0x00000000f4580000, 0x0000000100000000)
  eden space 440320K, 0% used [0x00000000d5d80000,0x00000000d5d80000,0x00000000f0b80000)
  from space 15360K, 0% used [0x00000000f2280000,0x00000000f2280000,0x00000000f3180000)
  to   space 23552K, 0% used [0x00000000f0b80000,0x00000000f0b80000,0x00000000f2280000)
 ParOldGen       total 107008K, used 41498K [0x0000000081800000, 0x0000000088080000, 0x00000000d5d80000)
  object space 107008K, 38% used [0x0000000081800000,0x0000000084086a80,0x0000000088080000)
 Metaspace       used 55489K, capacity 58994K, committed 59160K, reserved 1099776K
  class space    used 7799K, capacity 8411K, committed 8496K, reserved 1048576K
}

