# JRE version: Java(TM) SE Runtime Environment (8.0_221-b11) (build 1.8.0_221-b11)
# Java VM: Java HotSpot(TM) 64-Bit Server VM (25.221-b11 mixed mode windows-amd64 compressed oops)
Heap:
 PSYoungGen      total 224768K, used 108721K [0x00000000d5d80000, 0x00000000e4c80000, 0x0000000100000000)
  eden space 212992K, 51% used [0x00000000d5d80000,0x00000000dc7ac6a0,0x00000000e2d80000)
  from space 11776K, 0% used [0x00000000e4100000,0x00000000e4100000,0x00000000e4c80000)
  to   space 13312K, 0% used [0x00000000e3280000,0x00000000e3280000,0x00000000e3f80000)
 ParOldGen       total 54784K, used 17331K [0x0000000081800000, 0x0000000084d80000, 0x00000000d5d80000)
  object space 54784K, 31% used [0x0000000081800000,0x00000000828ecd38,0x0000000084d80000)
 Metaspace       used 46618K, capacity 49092K, committed 49280K, reserved 1091584K
  class space    used 6503K, capacity 7007K, committed 7040K, reserved 1048576K
GC Heap History (10 events):
Event: 5.298 GC heap before
{Heap before GC invocations=6 (full 0):
 PSYoungGen      total 71680K, used 25584K [0x00000000d5d80000, 0x00000000df480000, 0x0000000100000000)
  eden space 66560K, 30% used [0x00000000d5d80000,0x00000000d717c758,0x00000000d9e80000)
  from space 5120K, 99% used [0x00000000d9e80000,0x00000000da37faa0,0x00000000da380000)
  to   space 10752K, 0% used [0x00000000dea00000,0x00000000dea00000,0x00000000df480000)
 ParOldGen       total 87552K, used 8093K [0x0000000081800000, 0x0000000086d80000, 0x00000000d5d80000)
  object space 87552K, 9% used [0x0000000081800000,0x0000000081fe7760,0x0000000086d80000)
 Metaspace       used 20124K, capacity 21118K, committed 21248K, reserved 1067008K
  class space    used 2724K, capacity 2987K, committed 3072K, reserved 1048576K
Event: 5.342 GC heap after
Heap after GC invocations=6 (full 0):
 PSYoungGen      total 142848K, used 6040K [0x00000000d5d80000, 0x00000000df380000, 0x0000000100000000)
  eden space 133120K, 0% used [0x00000000d5d80000,0x00000000d5d80000,0x00000000ddf80000)
  from space 9728K, 62% used [0x00000000dea00000,0x00000000defe63f8,0x00000000df380000)
  to   space 10240K, 0% used [0x00000000ddf80000,0x00000000ddf80000,0x00000000de980000)
 ParOldGen       total 87552K, used 8101K [0x0000000081800000, 0x0000000086d80000, 0x00000000d5d80000)
  object space 87552K, 9% used [0x0000000081800000,0x0000000081fe9760,0x0000000086d80000)
 Metaspace       used 20124K, capacity 21118K, committed 21248K, reserved 1067008K
  class space    used 2724K, capacity 2987K, committed 3072K, reserved 1048576K
}
Event: 5.342 GC heap before
{Heap before GC invocations=7 (full 1):
 PSYoungGen      total 142848K, used 6040K [0x00000000d5d80000, 0x00000000df380000, 0x0000000100000000)
  eden space 133120K, 0% used [0x00000000d5d80000,0x00000000d5d80000,0x00000000ddf80000)
  from space 9728K, 62% used [0x00000000dea00000,0x00000000defe63f8,0x00000000df380000)
  to   space 10240K, 0% used [0x00000000ddf80000,0x00000000ddf80000,0x00000000de980000)
 ParOldGen       total 87552K, used 8101K [0x0000000081800000, 0x0000000086d80000, 0x00000000d5d80000)
  object space 87552K, 9% used [0x0000000081800000,0x0000000081fe9760,0x0000000086d80000)
 Metaspace       used 20124K, capacity 21118K, committed 21248K, reserved 1067008K
  class space    used 2724K, capacity 2987K, committed 3072K, reserved 1048576K
Event: 5.440 GC heap after
Heap after GC invocations=7 (full 1):
 PSYoungGen      total 142848K, used 0K [0x00000000d5d80000, 0x00000000df380000, 0x0000000100000000)
  eden space 133120K, 0% used [0x00000000d5d80000,0x00000000d5d80000,0x00000000ddf80000)
  from space 9728K, 0% used [0x00000000dea00000,0x00000000dea00000,0x00000000df380000)
  to   space 10240K, 0% used [0x00000000ddf80000,0x00000000ddf80000,0x00000000de980000)
 ParOldGen       total 54784K, used 7094K [0x0000000081800000, 0x0000000084d80000, 0x00000000d5d80000)
  object space 54784K, 12% used [0x0000000081800000,0x0000000081eed9c8,0x0000000084d80000)
 Metaspace       used 20124K, capacity 21118K, committed 21248K, reserved 1067008K
  class space    used 2724K, capacity 2987K, committed 3072K, reserved 1048576K
}
Event: 8.306 GC heap before
{Heap before GC invocations=8 (full 1):
 PSYoungGen      total 142848K, used 133120K [0x00000000d5d80000, 0x00000000df380000, 0x0000000100000000)
  eden space 133120K, 100% used [0x00000000d5d80000,0x00000000ddf80000,0x00000000ddf80000)
  from space 9728K, 0% used [0x00000000dea00000,0x00000000dea00000,0x00000000df380000)
  to   space 10240K, 0% used [0x00000000ddf80000,0x00000000ddf80000,0x00000000de980000)
 ParOldGen       total 54784K, used 7094K [0x0000000081800000, 0x0000000084d80000, 0x00000000d5d80000)
  object space 54784K, 12% used [0x0000000081800000,0x0000000081eed9c8,0x0000000084d80000)
 Metaspace       used 27476K, capacity 29484K, committed 29824K, reserved 1075200K
  class space    used 3782K, capacity 4167K, committed 4224K, reserved 1048576K
Event: 8.325 GC heap after
Heap after GC invocations=8 (full 1):
 PSYoungGen      total 143360K, used 10231K [0x00000000d5d80000, 0x00000000e4d00000, 0x0000000100000000)
  eden space 133120K, 0% used [0x00000000d5d80000,0x00000000d5d80000,0x00000000ddf80000)
  from space 10240K, 99% used [0x00000000ddf80000,0x00000000de97dd68,0x00000000de980000)
  to   space 12288K, 0% used [0x00000000e4100000,0x00000000e4100000,0x00000000e4d00000)
 ParOldGen       total 54784K, used 8137K [0x0000000081800000, 0x0000000084d80000, 0x00000000d5d80000)
  object space 54784K, 14% used [0x0000000081800000,0x0000000081ff2770,0x0000000084d80000)
 Metaspace       used 27476K, capacity 29484K, committed 29824K, reserved 1075200K
  class space    used 3782K, capacity 4167K, committed 4224K, reserved 1048576K
}
Event: 12.306 GC heap before
{Heap before GC invocations=9 (full 1):
 PSYoungGen      total 143360K, used 102530K [0x00000000d5d80000, 0x00000000e4d00000, 0x0000000100000000)
  eden space 133120K, 69% used [0x00000000d5d80000,0x00000000db7a2c90,0x00000000ddf80000)
  from space 10240K, 99% used [0x00000000ddf80000,0x00000000de97dd68,0x00000000de980000)
  to   space 12288K, 0% used [0x00000000e4100000,0x00000000e4100000,0x00000000e4d00000)
 ParOldGen       total 54784K, used 8137K [0x0000000081800000, 0x0000000084d80000, 0x00000000d5d80000)
  object space 54784K, 14% used [0x0000000081800000,0x0000000081ff2770,0x0000000084d80000)
 Metaspace       used 33120K, capacity 35298K, committed 35416K, reserved 1079296K
  class space    used 4602K, capacity 5002K, committed 5120K, reserved 1048576K
Event: 12.324 GC heap after
Heap after GC invocations=9 (full 1):
 PSYoungGen      total 224768K, used 11407K [0x00000000d5d80000, 0x00000000e4c80000, 0x0000000100000000)
  eden space 212992K, 0% used [0x00000000d5d80000,0x00000000d5d80000,0x00000000e2d80000)
  from space 11776K, 96% used [0x00000000e4100000,0x00000000e4c23e20,0x00000000e4c80000)
  to   space 13312K, 0% used [0x00000000e3280000,0x00000000e3280000,0x00000000e3f80000)
 ParOldGen       total 54784K, used 8209K [0x0000000081800000, 0x0000000084d80000, 0x00000000d5d80000)
  object space 54784K, 14% used [0x0000000081800000,0x0000000082004780,0x0000000084d80000)
 Metaspace       used 33120K, capacity 35298K, committed 35416K, reserved 1079296K
  class space    used 4602K, capacity 5002K, committed 5120K, reserved 1048576K
}
Event: 12.324 GC heap before
{Heap before GC invocations=10 (full 2):
 PSYoungGen      total 224768K, used 11407K [0x00000000d5d80000, 0x00000000e4c80000, 0x0000000100000000)
  eden space 212992K, 0% used [0x00000000d5d80000,0x00000000d5d80000,0x00000000e2d80000)
  from space 11776K, 96% used [0x00000000e4100000,0x00000000e4c23e20,0x00000000e4c80000)
  to   space 13312K, 0% used [0x00000000e3280000,0x00000000e3280000,0x00000000e3f80000)
 ParOldGen       total 54784K, used 8209K [0x0000000081800000, 0x0000000084d80000, 0x00000000d5d80000)
  object space 54784K, 14% used [0x0000000081800000,0x0000000082004780,0x0000000084d80000)
 Metaspace       used 33120K, capacity 35298K, committed 35416K, reserved 1079296K
  class space    used 4602K, capacity 5002K, committed 5120K, reserved 1048576K
Event: 12.421 GC heap after
Heap after GC invocations=10 (full 2):
 PSYoungGen      total 224768K, used 0K [0x00000000d5d80000, 0x00000000e4c80000, 0x0000000100000000)
  eden space 212992K, 0% used [0x00000000d5d80000,0x00000000d5d80000,0x00000000e2d80000)
  from space 11776K, 0% used [0x00000000e4100000,0x00000000e4100000,0x00000000e4c80000)
  to   space 13312K, 0% used [0x00000000e3280000,0x00000000e3280000,0x00000000e3f80000)
 ParOldGen       total 54784K, used 17331K [0x0000000081800000, 0x0000000084d80000, 0x00000000d5d80000)
  object space 54784K, 31% used [0x0000000081800000,0x00000000828ecd38,0x0000000084d80000)
 Metaspace       used 33120K, capacity 35298K, committed 35416K, reserved 1079296K
  class space    used 4602K, capacity 5002K, committed 5120K, reserved 1048576K
}

