# JRE version: Java(TM) SE Runtime Environment (8.0_221-b11) (build 1.8.0_221-b11)
# Java VM: Java HotSpot(TM) 64-Bit Server VM (25.221-b11 mixed mode windows-amd64 compressed oops)
Heap:
 PSYoungGen      total 143360K, used 65622K [0x00000000d5d80000, 0x00000000df480000, 0x0000000100000000)
  eden space 133120K, 49% used [0x00000000d5d80000,0x00000000d9d95b00,0x00000000ddf80000)
  from space 10240K, 0% used [0x00000000dea80000,0x00000000dea80000,0x00000000df480000)
  to   space 10752K, 47% used [0x00000000ddf80000,0x00000000de487358,0x00000000dea00000)
 ParOldGen       total 53248K, used 17450K [0x0000000081800000, 0x0000000084c00000, 0x00000000d5d80000)
  object space 53248K, 32% used [0x0000000081800000,0x000000008290aa90,0x0000000084c00000)
 Metaspace       used 41283K, capacity 43644K, committed 43736K, reserved 1091584K
  class space    used 5685K, capacity 6139K, committed 6144K, reserved 1048576K
GC Heap History (10 events):
Event: 7.836 GC heap after
Heap after GC invocations=6 (full 0):
 PSYoungGen      total 143360K, used 6686K [0x00000000d5d80000, 0x00000000df480000, 0x0000000100000000)
  eden space 133120K, 0% used [0x00000000d5d80000,0x00000000d5d80000,0x00000000ddf80000)
  from space 10240K, 65% used [0x00000000dea80000,0x00000000df107ac0,0x00000000df480000)
  to   space 10752K, 0% used [0x00000000ddf80000,0x00000000ddf80000,0x00000000dea00000)
 ParOldGen       total 87552K, used 8826K [0x0000000081800000, 0x0000000086d80000, 0x00000000d5d80000)
  object space 87552K, 10% used [0x0000000081800000,0x000000008209e820,0x0000000086d80000)
 Metaspace       used 20120K, capacity 21122K, committed 21248K, reserved 1067008K
  class space    used 2726K, capacity 2987K, committed 3072K, reserved 1048576K
}
Event: 7.836 GC heap before
{Heap before GC invocations=7 (full 1):
 PSYoungGen      total 143360K, used 6686K [0x00000000d5d80000, 0x00000000df480000, 0x0000000100000000)
  eden space 133120K, 0% used [0x00000000d5d80000,0x00000000d5d80000,0x00000000ddf80000)
  from space 10240K, 65% used [0x00000000dea80000,0x00000000df107ac0,0x00000000df480000)
  to   space 10752K, 0% used [0x00000000ddf80000,0x00000000ddf80000,0x00000000dea00000)
 ParOldGen       total 87552K, used 8826K [0x0000000081800000, 0x0000000086d80000, 0x00000000d5d80000)
  object space 87552K, 10% used [0x0000000081800000,0x000000008209e820,0x0000000086d80000)
 Metaspace       used 20120K, capacity 21122K, committed 21248K, reserved 1067008K
  class space    used 2726K, capacity 2987K, committed 3072K, reserved 1048576K
Event: 7.917 GC heap after
Heap after GC invocations=7 (full 1):
 PSYoungGen      total 143360K, used 0K [0x00000000d5d80000, 0x00000000df480000, 0x0000000100000000)
  eden space 133120K, 0% used [0x00000000d5d80000,0x00000000d5d80000,0x00000000ddf80000)
  from space 10240K, 0% used [0x00000000dea80000,0x00000000dea80000,0x00000000df480000)
  to   space 10752K, 0% used [0x00000000ddf80000,0x00000000ddf80000,0x00000000dea00000)
 ParOldGen       total 53248K, used 7220K [0x0000000081800000, 0x0000000084c00000, 0x00000000d5d80000)
  object space 53248K, 13% used [0x0000000081800000,0x0000000081f0d1e0,0x0000000084c00000)
 Metaspace       used 20120K, capacity 21122K, committed 21248K, reserved 1067008K
  class space    used 2726K, capacity 2987K, committed 3072K, reserved 1048576K
}
Event: 10.875 GC heap before
{Heap before GC invocations=8 (full 1):
 PSYoungGen      total 143360K, used 133120K [0x00000000d5d80000, 0x00000000df480000, 0x0000000100000000)
  eden space 133120K, 100% used [0x00000000d5d80000,0x00000000ddf80000,0x00000000ddf80000)
  from space 10240K, 0% used [0x00000000dea80000,0x00000000dea80000,0x00000000df480000)
  to   space 10752K, 0% used [0x00000000ddf80000,0x00000000ddf80000,0x00000000dea00000)
 ParOldGen       total 53248K, used 7220K [0x0000000081800000, 0x0000000084c00000, 0x00000000d5d80000)
  object space 53248K, 13% used [0x0000000081800000,0x0000000081f0d1e0,0x0000000084c00000)
 Metaspace       used 27464K, capacity 29556K, committed 29824K, reserved 1075200K
  class space    used 3787K, capacity 4167K, committed 4224K, reserved 1048576K
Event: 10.892 GC heap after
Heap after GC invocations=8 (full 1):
 PSYoungGen      total 143872K, used 10749K [0x00000000d5d80000, 0x00000000df480000, 0x0000000100000000)
  eden space 133120K, 0% used [0x00000000d5d80000,0x00000000d5d80000,0x00000000ddf80000)
  from space 10752K, 99% used [0x00000000ddf80000,0x00000000de9ff6d0,0x00000000dea00000)
  to   space 10240K, 0% used [0x00000000dea80000,0x00000000dea80000,0x00000000df480000)
 ParOldGen       total 53248K, used 7759K [0x0000000081800000, 0x0000000084c00000, 0x00000000d5d80000)
  object space 53248K, 14% used [0x0000000081800000,0x0000000081f93cc8,0x0000000084c00000)
 Metaspace       used 27464K, capacity 29556K, committed 29824K, reserved 1075200K
  class space    used 3787K, capacity 4167K, committed 4224K, reserved 1048576K
}
Event: 13.942 GC heap before
{Heap before GC invocations=9 (full 1):
 PSYoungGen      total 143872K, used 104147K [0x00000000d5d80000, 0x00000000df480000, 0x0000000100000000)
  eden space 133120K, 70% used [0x00000000d5d80000,0x00000000db8b5830,0x00000000ddf80000)
  from space 10752K, 99% used [0x00000000ddf80000,0x00000000de9ff6d0,0x00000000dea00000)
  to   space 10240K, 0% used [0x00000000dea80000,0x00000000dea80000,0x00000000df480000)
 ParOldGen       total 53248K, used 7759K [0x0000000081800000, 0x0000000084c00000, 0x00000000d5d80000)
  object space 53248K, 14% used [0x0000000081800000,0x0000000081f93cc8,0x0000000084c00000)
 Metaspace       used 33125K, capacity 35284K, committed 35416K, reserved 1079296K
  class space    used 4604K, capacity 4971K, committed 4992K, reserved 1048576K
Event: 13.957 GC heap after
Heap after GC invocations=9 (full 1):
 PSYoungGen      total 143360K, used 10209K [0x00000000d5d80000, 0x00000000df480000, 0x0000000100000000)
  eden space 133120K, 0% used [0x00000000d5d80000,0x00000000d5d80000,0x00000000ddf80000)
  from space 10240K, 99% used [0x00000000dea80000,0x00000000df478440,0x00000000df480000)
  to   space 10752K, 0% used [0x00000000ddf80000,0x00000000ddf80000,0x00000000dea00000)
 ParOldGen       total 53248K, used 8994K [0x0000000081800000, 0x0000000084c00000, 0x00000000d5d80000)
  object space 53248K, 16% used [0x0000000081800000,0x00000000820c8910,0x0000000084c00000)
 Metaspace       used 33125K, capacity 35284K, committed 35416K, reserved 1079296K
  class space    used 4604K, capacity 4971K, committed 4992K, reserved 1048576K
}
Event: 13.957 GC heap before
{Heap before GC invocations=10 (full 2):
 PSYoungGen      total 143360K, used 10209K [0x00000000d5d80000, 0x00000000df480000, 0x0000000100000000)
  eden space 133120K, 0% used [0x00000000d5d80000,0x00000000d5d80000,0x00000000ddf80000)
  from space 10240K, 99% used [0x00000000dea80000,0x00000000df478440,0x00000000df480000)
  to   space 10752K, 0% used [0x00000000ddf80000,0x00000000ddf80000,0x00000000dea00000)
 ParOldGen       total 53248K, used 8994K [0x0000000081800000, 0x0000000084c00000, 0x00000000d5d80000)
  object space 53248K, 16% used [0x0000000081800000,0x00000000820c8910,0x0000000084c00000)
 Metaspace       used 33125K, capacity 35284K, committed 35416K, reserved 1079296K
  class space    used 4604K, capacity 4971K, committed 4992K, reserved 1048576K
Event: 14.056 GC heap after
Heap after GC invocations=10 (full 2):
 PSYoungGen      total 143360K, used 0K [0x00000000d5d80000, 0x00000000df480000, 0x0000000100000000)
  eden space 133120K, 0% used [0x00000000d5d80000,0x00000000d5d80000,0x00000000ddf80000)
  from space 10240K, 0% used [0x00000000dea80000,0x00000000dea80000,0x00000000df480000)
  to   space 10752K, 0% used [0x00000000ddf80000,0x00000000ddf80000,0x00000000dea00000)
 ParOldGen       total 53248K, used 17434K [0x0000000081800000, 0x0000000084c00000, 0x00000000d5d80000)
  object space 53248K, 32% used [0x0000000081800000,0x0000000082906a90,0x0000000084c00000)
 Metaspace       used 33125K, capacity 35284K, committed 35416K, reserved 1079296K
  class space    used 4604K, capacity 4971K, committed 4992K, reserved 1048576K
}
Event: 19.748 GC heap before
{Heap before GC invocations=11 (full 2):
 PSYoungGen      total 143360K, used 65622K [0x00000000d5d80000, 0x00000000df480000, 0x0000000100000000)
  eden space 133120K, 49% used [0x00000000d5d80000,0x00000000d9d95a30,0x00000000ddf80000)
  from space 10240K, 0% used [0x00000000dea80000,0x00000000dea80000,0x00000000df480000)
  to   space 10752K, 0% used [0x00000000ddf80000,0x00000000ddf80000,0x00000000dea00000)
 ParOldGen       total 53248K, used 17434K [0x0000000081800000, 0x0000000084c00000, 0x00000000d5d80000)
  object space 53248K, 32% used [0x0000000081800000,0x0000000082906a90,0x0000000084c00000)
 Metaspace       used 41283K, capacity 43644K, committed 43736K, reserved 1091584K
  class space    used 5685K, capacity 6139K, committed 6144K, reserved 1048576K

