# JRE version: Java(TM) SE Runtime Environment (8.0_221-b11) (build 1.8.0_221-b11)
# Java VM: Java HotSpot(TM) 64-Bit Server VM (25.221-b11 mixed mode windows-amd64 compressed oops)
Heap:
 PSYoungGen      total 66560K, used 13206K [0x00000000d5d80000, 0x00000000dd000000, 0x0000000100000000)
  eden space 61440K, 21% used [0x00000000d5d80000,0x00000000d6a659b8,0x00000000d9980000)
  from space 5120K, 0% used [0x00000000da380000,0x00000000da380000,0x00000000da880000)
  to   space 10240K, 0% used [0x00000000d9980000,0x00000000d9980000,0x00000000da380000)
 ParOldGen       total 75264K, used 16442K [0x0000000081800000, 0x0000000086180000, 0x00000000d5d80000)
  object space 75264K, 21% used [0x0000000081800000,0x000000008280ea30,0x0000000086180000)
 Metaspace       used 34630K, capacity 36738K, committed 36864K, reserved 1081344K
  class space    used 4852K, capacity 5254K, committed 5376K, reserved 1048576K
GC Heap History (10 events):
Event: 13.350 GC heap before
{Heap before GC invocations=8 (full 1):
 PSYoungGen      total 71680K, used 66560K [0x00000000d5d80000, 0x00000000da880000, 0x0000000100000000)
  eden space 66560K, 100% used [0x00000000d5d80000,0x00000000d9e80000,0x00000000d9e80000)
  from space 5120K, 0% used [0x00000000da380000,0x00000000da380000,0x00000000da880000)
  to   space 5120K, 0% used [0x00000000d9e80000,0x00000000d9e80000,0x00000000da380000)
 ParOldGen       total 50688K, used 7115K [0x0000000081800000, 0x0000000084980000, 0x00000000d5d80000)
  object space 50688K, 14% used [0x0000000081800000,0x0000000081ef2f60,0x0000000084980000)
 Metaspace       used 24063K, capacity 25392K, committed 25472K, reserved 1071104K
  class space    used 3384K, capacity 3697K, committed 3712K, reserved 1048576K
Event: 13.401 GC heap after
Heap after GC invocations=8 (full 1):
 PSYoungGen      total 71680K, used 5100K [0x00000000d5d80000, 0x00000000da880000, 0x0000000100000000)
  eden space 66560K, 0% used [0x00000000d5d80000,0x00000000d5d80000,0x00000000d9e80000)
  from space 5120K, 99% used [0x00000000d9e80000,0x00000000da37b248,0x00000000da380000)
  to   space 5120K, 0% used [0x00000000da380000,0x00000000da380000,0x00000000da880000)
 ParOldGen       total 50688K, used 9418K [0x0000000081800000, 0x0000000084980000, 0x00000000d5d80000)
  object space 50688K, 18% used [0x0000000081800000,0x0000000082132858,0x0000000084980000)
 Metaspace       used 24063K, capacity 25392K, committed 25472K, reserved 1071104K
  class space    used 3384K, capacity 3697K, committed 3712K, reserved 1048576K
}
Event: 16.321 GC heap before
{Heap before GC invocations=9 (full 1):
 PSYoungGen      total 71680K, used 71660K [0x00000000d5d80000, 0x00000000da880000, 0x0000000100000000)
  eden space 66560K, 100% used [0x00000000d5d80000,0x00000000d9e80000,0x00000000d9e80000)
  from space 5120K, 99% used [0x00000000d9e80000,0x00000000da37b248,0x00000000da380000)
  to   space 5120K, 0% used [0x00000000da380000,0x00000000da380000,0x00000000da880000)
 ParOldGen       total 50688K, used 9418K [0x0000000081800000, 0x0000000084980000, 0x00000000d5d80000)
  object space 50688K, 18% used [0x0000000081800000,0x0000000082132858,0x0000000084980000)
 Metaspace       used 29719K, capacity 31748K, committed 32000K, reserved 1077248K
  class space    used 4177K, capacity 4573K, committed 4608K, reserved 1048576K
Event: 16.338 GC heap after
Heap after GC invocations=9 (full 1):
 PSYoungGen      total 71680K, used 5115K [0x00000000d5d80000, 0x00000000da880000, 0x0000000100000000)
  eden space 66560K, 0% used [0x00000000d5d80000,0x00000000d5d80000,0x00000000d9e80000)
  from space 5120K, 99% used [0x00000000da380000,0x00000000da87ef30,0x00000000da880000)
  to   space 5120K, 0% used [0x00000000d9e80000,0x00000000d9e80000,0x00000000da380000)
 ParOldGen       total 50688K, used 14597K [0x0000000081800000, 0x0000000084980000, 0x00000000d5d80000)
  object space 50688K, 28% used [0x0000000081800000,0x00000000826417d0,0x0000000084980000)
 Metaspace       used 29719K, capacity 31748K, committed 32000K, reserved 1077248K
  class space    used 4177K, capacity 4573K, committed 4608K, reserved 1048576K
}
Event: 16.926 GC heap before
{Heap before GC invocations=10 (full 1):
 PSYoungGen      total 71680K, used 71675K [0x00000000d5d80000, 0x00000000da880000, 0x0000000100000000)
  eden space 66560K, 100% used [0x00000000d5d80000,0x00000000d9e80000,0x00000000d9e80000)
  from space 5120K, 99% used [0x00000000da380000,0x00000000da87ef30,0x00000000da880000)
  to   space 5120K, 0% used [0x00000000d9e80000,0x00000000d9e80000,0x00000000da380000)
 ParOldGen       total 50688K, used 14597K [0x0000000081800000, 0x0000000084980000, 0x00000000d5d80000)
  object space 50688K, 28% used [0x0000000081800000,0x00000000826417d0,0x0000000084980000)
 Metaspace       used 30063K, capacity 32140K, committed 32384K, reserved 1077248K
  class space    used 4210K, capacity 4613K, committed 4736K, reserved 1048576K
Event: 16.980 GC heap after
Heap after GC invocations=10 (full 1):
 PSYoungGen      total 71680K, used 5105K [0x00000000d5d80000, 0x00000000da880000, 0x0000000100000000)
  eden space 66560K, 0% used [0x00000000d5d80000,0x00000000d5d80000,0x00000000d9e80000)
  from space 5120K, 99% used [0x00000000d9e80000,0x00000000da37c6b0,0x00000000da380000)
  to   space 5120K, 0% used [0x00000000da380000,0x00000000da380000,0x00000000da880000)
 ParOldGen       total 50688K, used 15987K [0x0000000081800000, 0x0000000084980000, 0x00000000d5d80000)
  object space 50688K, 31% used [0x0000000081800000,0x000000008279cc28,0x0000000084980000)
 Metaspace       used 30063K, capacity 32140K, committed 32384K, reserved 1077248K
  class space    used 4210K, capacity 4613K, committed 4736K, reserved 1048576K
}
Event: 26.960 GC heap before
{Heap before GC invocations=11 (full 1):
 PSYoungGen      total 71680K, used 60633K [0x00000000d5d80000, 0x00000000da880000, 0x0000000100000000)
  eden space 66560K, 83% used [0x00000000d5d80000,0x00000000d93ba0f0,0x00000000d9e80000)
  from space 5120K, 99% used [0x00000000d9e80000,0x00000000da37c6b0,0x00000000da380000)
  to   space 5120K, 0% used [0x00000000da380000,0x00000000da380000,0x00000000da880000)
 ParOldGen       total 50688K, used 15987K [0x0000000081800000, 0x0000000084980000, 0x00000000d5d80000)
  object space 50688K, 31% used [0x0000000081800000,0x000000008279cc28,0x0000000084980000)
 Metaspace       used 33153K, capacity 35262K, committed 35416K, reserved 1079296K
  class space    used 4589K, capacity 4996K, committed 5120K, reserved 1048576K
Event: 26.983 GC heap after
Heap after GC invocations=11 (full 1):
 PSYoungGen      total 66560K, used 4306K [0x00000000d5d80000, 0x00000000dd000000, 0x0000000100000000)
  eden space 61440K, 0% used [0x00000000d5d80000,0x00000000d5d80000,0x00000000d9980000)
  from space 5120K, 84% used [0x00000000da380000,0x00000000da7b4a20,0x00000000da880000)
  to   space 10240K, 0% used [0x00000000d9980000,0x00000000d9980000,0x00000000da380000)
 ParOldGen       total 50688K, used 20943K [0x0000000081800000, 0x0000000084980000, 0x00000000d5d80000)
  object space 50688K, 41% used [0x0000000081800000,0x0000000082c73ca8,0x0000000084980000)
 Metaspace       used 33153K, capacity 35262K, committed 35416K, reserved 1079296K
  class space    used 4589K, capacity 4996K, committed 5120K, reserved 1048576K
}
Event: 26.984 GC heap before
{Heap before GC invocations=12 (full 2):
 PSYoungGen      total 66560K, used 4306K [0x00000000d5d80000, 0x00000000dd000000, 0x0000000100000000)
  eden space 61440K, 0% used [0x00000000d5d80000,0x00000000d5d80000,0x00000000d9980000)
  from space 5120K, 84% used [0x00000000da380000,0x00000000da7b4a20,0x00000000da880000)
  to   space 10240K, 0% used [0x00000000d9980000,0x00000000d9980000,0x00000000da380000)
 ParOldGen       total 50688K, used 20943K [0x0000000081800000, 0x0000000084980000, 0x00000000d5d80000)
  object space 50688K, 41% used [0x0000000081800000,0x0000000082c73ca8,0x0000000084980000)
 Metaspace       used 33153K, capacity 35262K, committed 35416K, reserved 1079296K
  class space    used 4589K, capacity 4996K, committed 5120K, reserved 1048576K
Event: 27.280 GC heap after
Heap after GC invocations=12 (full 2):
 PSYoungGen      total 66560K, used 0K [0x00000000d5d80000, 0x00000000dd000000, 0x0000000100000000)
  eden space 61440K, 0% used [0x00000000d5d80000,0x00000000d5d80000,0x00000000d9980000)
  from space 5120K, 0% used [0x00000000da380000,0x00000000da380000,0x00000000da880000)
  to   space 10240K, 0% used [0x00000000d9980000,0x00000000d9980000,0x00000000da380000)
 ParOldGen       total 75264K, used 16442K [0x0000000081800000, 0x0000000086180000, 0x00000000d5d80000)
  object space 75264K, 21% used [0x0000000081800000,0x000000008280ea30,0x0000000086180000)
 Metaspace       used 33153K, capacity 35262K, committed 35416K, reserved 1079296K
  class space    used 4589K, capacity 4996K, committed 5120K, reserved 1048576K
}

